2024-01-16 14:26:05.125 | INFO     | __main__:run_task:79 - 2024-01-15 更新了 31 个动作
2024-01-16 07:00:32.401 | INFO     | __main__:run_task:79 - 2024-01-15 更新了 31 个动作
2024-01-16 07:13:50.649 | INFO     | __main__:run_task:79 - 2024-01-15 更新了 31 个动作
2024-01-17 01:09:36.341 | INFO     | __main__:run_task:79 - 2024-01-16 更新了 22 个动作
2024-01-17 01:54:59.551 | INFO     | __main__:run_task:79 - 2024-01-16 更新了 22 个动作
2024-01-18 01:08:56.235 | INFO     | __main__:run_task:79 - 2024-01-17 更新了 27 个动作
2024-01-19 01:09:39.765 | INFO     | __main__:run_task:79 - 2024-01-18 更新了 29 个动作
2024-01-19 10:10:51.442 | INFO     | __main__:run_task:79 - 2024-01-18 更新了 35 个动作
2024-01-20 00:46:19.247 | INFO     | __main__:run_task:79 - 2024-01-19 更新了 12 个动作
2024-01-20 10:09:38.424 | INFO     | __main__:run_task:79 - 2024-01-19 更新了 22 个动作
2024-01-21 00:52:00.439 | INFO     | __main__:run_task:79 - 2024-01-20 更新了 18 个动作
2024-01-21 10:10:07.003 | INFO     | __main__:run_task:79 - 2024-01-20 更新了 9 个动作
2024-01-22 00:50:14.504 | INFO     | __main__:run_task:79 - 2024-01-21 更新了 40 个动作
2024-01-22 10:11:06.811 | INFO     | __main__:run_task:79 - 2024-01-21 更新了 40 个动作
2024-01-23 00:54:18.865 | INFO     | __main__:run_task:79 - 2024-01-22 更新了 27 个动作
2024-01-23 15:11:53.022 | INFO     | __main__:run_task:79 - 2024-01-22 更新了 25 个动作
2024-01-24 00:54:09.867 | INFO     | __main__:run_task:79 - 2024-01-23 更新了 25 个动作
2024-01-25 00:34:02.309 | INFO     | __main__:run_task:79 - 2024-01-24 更新了 28 个动作
2024-01-25 13:10:18.472 | INFO     | __main__:run_task:79 - 2024-01-24 更新了 22 个动作
2024-01-26 00:31:27.437 | INFO     | __main__:run_task:79 - 2024-01-25 更新了 12 个动作
2024-01-26 13:06:29.253 | INFO     | __main__:run_task:79 - 2024-01-25 更新了 19 个动作
2024-01-27 00:31:18.750 | INFO     | __main__:run_task:79 - 2024-01-26 更新了 9 个动作
2024-01-27 13:05:13.342 | INFO     | __main__:run_task:79 - 2024-01-26 更新了 14 个动作
2024-01-28 00:34:11.095 | INFO     | __main__:run_task:79 - 2024-01-27 更新了 12 个动作
2024-01-28 13:06:49.802 | INFO     | __main__:run_task:79 - 2024-01-27 更新了 11 个动作
2024-01-29 00:31:26.374 | INFO     | __main__:run_task:79 - 2024-01-28 更新了 7 个动作
2024-01-29 13:06:28.908 | INFO     | __main__:run_task:79 - 2024-01-28 更新了 5 个动作
2024-01-30 00:31:10.428 | INFO     | __main__:run_task:79 - 2024-01-29 更新了 19 个动作
2024-01-30 13:06:20.516 | INFO     | __main__:run_task:79 - 2024-01-29 更新了 19 个动作
2024-01-31 00:31:36.118 | INFO     | __main__:run_task:79 - 2024-01-30 更新了 16 个动作
2024-01-31 13:06:24.043 | INFO     | __main__:run_task:79 - 2024-01-30 更新了 17 个动作
2024-02-01 00:32:46.469 | INFO     | __main__:run_task:79 - 2024-01-31 更新了 13 个动作
2024-02-01 13:06:42.502 | INFO     | __main__:run_task:79 - 2024-01-31 更新了 12 个动作
2024-02-02 00:31:36.589 | INFO     | __main__:run_task:79 - 2024-02-01 更新了 6 个动作
2024-02-02 13:06:04.063 | INFO     | __main__:run_task:79 - 2024-02-01 更新了 17 个动作
2024-02-03 00:31:11.521 | INFO     | __main__:run_task:79 - 2024-02-02 更新了 8 个动作
2024-02-03 13:05:42.730 | INFO     | __main__:run_task:79 - 2024-02-02 更新了 10 个动作
2024-02-04 00:34:10.360 | INFO     | __main__:run_task:79 - 2024-02-03 更新了 20 个动作
2024-02-04 13:07:37.995 | INFO     | __main__:run_task:79 - 2024-02-03 更新了 16 个动作
2024-02-05 00:32:38.904 | INFO     | __main__:run_task:79 - 2024-02-04 更新了 13 个动作
2024-02-05 13:06:23.557 | INFO     | __main__:run_task:79 - 2024-02-04 更新了 10 个动作
2024-02-06 00:30:51.701 | INFO     | __main__:run_task:79 - 2024-02-05 更新了 7 个动作
2024-02-06 13:06:47.227 | INFO     | __main__:run_task:79 - 2024-02-05 更新了 8 个动作
2024-02-07 00:29:47.209 | INFO     | __main__:run_task:79 - 2024-02-06 更新了 10 个动作
2024-02-07 13:06:26.486 | INFO     | __main__:run_task:79 - 2024-02-06 更新了 8 个动作
2024-02-08 00:30:50.994 | INFO     | __main__:run_task:79 - 2024-02-07 更新了 5 个动作
2024-02-08 13:06:10.860 | INFO     | __main__:run_task:79 - 2024-02-07 更新了 7 个动作
2024-02-09 00:30:20.403 | INFO     | __main__:run_task:79 - 2024-02-08 更新了 6 个动作
2024-02-09 13:06:15.464 | INFO     | __main__:run_task:79 - 2024-02-08 更新了 7 个动作
2024-02-10 00:30:00.314 | INFO     | __main__:run_task:79 - 2024-02-09 更新了 1 个动作
2024-02-10 13:06:52.097 | INFO     | __main__:run_task:79 - 2024-02-09 更新了 3 个动作
2024-02-11 00:34:09.917 | INFO     | __main__:run_task:79 - 2024-02-10 更新了 3 个动作
2024-02-11 13:06:15.877 | INFO     | __main__:run_task:79 - 2024-02-10 更新了 2 个动作
2024-02-12 00:31:58.768 | INFO     | __main__:run_task:79 - 2024-02-11 更新了 7 个动作
2024-02-12 13:06:43.764 | INFO     | __main__:run_task:79 - 2024-02-11 更新了 8 个动作
2024-02-13 00:31:36.757 | INFO     | __main__:run_task:79 - 2024-02-12 更新了 2 个动作
2024-02-13 13:06:43.252 | INFO     | __main__:run_task:79 - 2024-02-12 更新了 3 个动作
2024-02-14 00:31:03.521 | INFO     | __main__:run_task:79 - 2024-02-13 更新了 2 个动作
2024-02-14 13:06:30.001 | INFO     | __main__:run_task:79 - 2024-02-13 更新了 2 个动作
2024-02-15 00:30:47.133 | INFO     | __main__:run_task:79 - 2024-02-14 更新了 1 个动作
2024-02-15 13:06:40.262 | INFO     | __main__:run_task:79 - 2024-02-14 更新了 1 个动作
2024-02-16 00:30:37.209 | INFO     | __main__:run_task:79 - 2024-02-15 更新了 1 个动作
2024-02-16 13:06:32.318 | INFO     | __main__:run_task:79 - 2024-02-15 更新了 1 个动作
2024-02-17 00:30:40.530 | INFO     | __main__:run_task:79 - 2024-02-16 更新了 6 个动作
2024-02-17 13:06:02.603 | INFO     | __main__:run_task:79 - 2024-02-16 更新了 6 个动作
2024-02-18 00:33:33.373 | INFO     | __main__:run_task:79 - 2024-02-17 更新了 4 个动作
2024-02-18 13:06:24.742 | INFO     | __main__:run_task:79 - 2024-02-17 更新了 4 个动作
2024-02-19 00:32:08.670 | INFO     | __main__:run_task:79 - 2024-02-18 更新了 15 个动作
2024-02-19 13:06:47.866 | INFO     | __main__:run_task:79 - 2024-02-18 更新了 12 个动作
2024-02-20 00:30:37.506 | INFO     | __main__:run_task:79 - 2024-02-19 更新了 14 个动作
2024-02-20 13:06:40.619 | INFO     | __main__:run_task:79 - 2024-02-19 更新了 13 个动作
2024-02-21 00:30:54.875 | INFO     | __main__:run_task:79 - 2024-02-20 更新了 8 个动作
2024-02-21 13:06:53.099 | INFO     | __main__:run_task:79 - 2024-02-20 更新了 7 个动作
2024-02-22 00:31:29.647 | INFO     | __main__:run_task:79 - 2024-02-21 更新了 17 个动作
2024-02-22 13:07:17.124 | INFO     | __main__:run_task:79 - 2024-02-21 更新了 15 个动作
2024-02-23 00:30:47.538 | INFO     | __main__:run_task:79 - 2024-02-22 更新了 21 个动作
2024-02-23 13:06:59.097 | INFO     | __main__:run_task:79 - 2024-02-22 更新了 18 个动作
2024-02-24 00:29:26.695 | INFO     | __main__:run_task:79 - 2024-02-23 更新了 5 个动作
2024-02-24 13:07:01.985 | INFO     | __main__:run_task:79 - 2024-02-23 更新了 5 个动作
2024-02-25 00:33:59.100 | INFO     | __main__:run_task:79 - 2024-02-24 更新了 5 个动作
2024-02-25 13:06:26.559 | INFO     | __main__:run_task:79 - 2024-02-24 更新了 10 个动作
2024-02-26 00:32:36.214 | INFO     | __main__:run_task:79 - 2024-02-25 更新了 6 个动作
2024-02-26 13:06:33.050 | INFO     | __main__:run_task:79 - 2024-02-25 更新了 6 个动作
2024-02-27 00:31:03.751 | INFO     | __main__:run_task:79 - 2024-02-26 更新了 14 个动作
2024-02-27 13:06:29.045 | INFO     | __main__:run_task:79 - 2024-02-26 更新了 14 个动作
2024-02-28 00:30:01.453 | INFO     | __main__:run_task:79 - 2024-02-27 更新了 13 个动作
2024-02-28 13:06:20.572 | INFO     | __main__:run_task:79 - 2024-02-27 更新了 22 个动作
2024-02-29 00:31:01.085 | INFO     | __main__:run_task:79 - 2024-02-28 更新了 21 个动作
2024-02-29 13:06:35.279 | INFO     | __main__:run_task:79 - 2024-02-28 更新了 17 个动作
2024-03-01 00:35:13.937 | INFO     | __main__:run_task:79 - 2024-02-29 更新了 17 个动作
2024-03-01 13:06:07.375 | INFO     | __main__:run_task:79 - 2024-02-29 更新了 17 个动作
2024-03-02 00:30:15.742 | INFO     | __main__:run_task:79 - 2024-03-01 更新了 10 个动作
2024-03-02 13:05:31.123 | INFO     | __main__:run_task:79 - 2024-03-01 更新了 18 个动作
2024-03-03 00:33:13.594 | INFO     | __main__:run_task:79 - 2024-03-02 更新了 6 个动作
2024-03-03 13:06:24.632 | INFO     | __main__:run_task:79 - 2024-03-02 更新了 6 个动作
2024-03-04 00:31:53.548 | INFO     | __main__:run_task:79 - 2024-03-03 更新了 15 个动作
2024-03-04 13:08:58.295 | INFO     | __main__:run_task:79 - 2024-03-03 更新了 15 个动作
2024-03-05 00:30:25.507 | INFO     | __main__:run_task:79 - 2024-03-04 更新了 16 个动作
2024-03-05 13:06:27.545 | INFO     | __main__:run_task:79 - 2024-03-04 更新了 12 个动作
2024-03-06 00:31:19.659 | INFO     | __main__:run_task:79 - 2024-03-05 更新了 15 个动作
2024-03-06 13:06:23.897 | INFO     | __main__:run_task:79 - 2024-03-05 更新了 11 个动作
2024-03-07 00:25:27.135 | INFO     | __main__:run_task:79 - 2024-03-06 更新了 32 个动作
2024-03-07 13:06:02.215 | INFO     | __main__:run_task:79 - 2024-03-06 更新了 44 个动作
2024-03-08 00:31:18.493 | INFO     | __main__:run_task:79 - 2024-03-07 更新了 6 个动作
2024-03-08 13:06:16.710 | INFO     | __main__:run_task:79 - 2024-03-07 更新了 17 个动作
2024-03-09 00:30:12.043 | INFO     | __main__:run_task:79 - 2024-03-08 更新了 21 个动作
2024-03-09 13:05:41.414 | INFO     | __main__:run_task:79 - 2024-03-08 更新了 22 个动作
2024-03-10 00:34:11.595 | INFO     | __main__:run_task:79 - 2024-03-09 更新了 5 个动作
2024-03-10 13:06:57.084 | INFO     | __main__:run_task:79 - 2024-03-09 更新了 13 个动作
2024-03-11 00:32:26.986 | INFO     | __main__:run_task:79 - 2024-03-10 更新了 13 个动作
2024-03-11 13:06:49.819 | INFO     | __main__:run_task:79 - 2024-03-10 更新了 11 个动作
2024-03-12 00:30:41.531 | INFO     | __main__:run_task:79 - 2024-03-11 更新了 20 个动作
2024-03-12 13:06:50.074 | INFO     | __main__:run_task:79 - 2024-03-11 更新了 15 个动作
2024-03-13 00:30:51.642 | INFO     | __main__:run_task:79 - 2024-03-12 更新了 20 个动作
2024-03-13 13:06:29.146 | INFO     | __main__:run_task:79 - 2024-03-12 更新了 19 个动作
2024-03-14 00:30:43.988 | INFO     | __main__:run_task:79 - 2024-03-13 更新了 9 个动作
2024-03-14 13:06:49.180 | INFO     | __main__:run_task:79 - 2024-03-13 更新了 7 个动作
2024-03-15 00:30:53.572 | INFO     | __main__:run_task:79 - 2024-03-14 更新了 16 个动作
2024-03-15 13:07:17.106 | INFO     | __main__:run_task:79 - 2024-03-14 更新了 14 个动作
2024-03-16 00:29:43.603 | INFO     | __main__:run_task:79 - 2024-03-15 更新了 12 个动作
2024-03-16 13:06:12.822 | INFO     | __main__:run_task:79 - 2024-03-15 更新了 12 个动作
2024-03-17 00:34:01.062 | INFO     | __main__:run_task:79 - 2024-03-16 更新了 6 个动作
2024-03-17 13:07:02.980 | INFO     | __main__:run_task:79 - 2024-03-16 更新了 9 个动作
2024-03-18 00:32:26.035 | INFO     | __main__:run_task:79 - 2024-03-17 更新了 15 个动作
2024-03-18 13:06:58.980 | INFO     | __main__:run_task:79 - 2024-03-17 更新了 12 个动作
2024-03-19 00:31:17.678 | INFO     | __main__:run_task:79 - 2024-03-18 更新了 12 个动作
2024-03-19 13:07:35.252 | INFO     | __main__:run_task:79 - 2024-03-18 更新了 8 个动作
2024-03-20 00:30:59.683 | INFO     | __main__:run_task:79 - 2024-03-19 更新了 12 个动作
2024-03-20 13:08:03.169 | INFO     | __main__:run_task:79 - 2024-03-19 更新了 19 个动作
2024-03-21 00:32:19.681 | INFO     | __main__:run_task:79 - 2024-03-20 更新了 3 个动作
2024-03-21 13:07:49.037 | INFO     | __main__:run_task:79 - 2024-03-20 更新了 11 个动作
2024-03-22 00:30:51.907 | INFO     | __main__:run_task:79 - 2024-03-21 更新了 12 个动作
2024-03-22 13:06:18.822 | INFO     | __main__:run_task:79 - 2024-03-21 更新了 9 个动作
2024-03-23 00:30:20.549 | INFO     | __main__:run_task:79 - 2024-03-22 更新了 5 个动作
2024-03-23 13:05:01.470 | INFO     | __main__:run_task:79 - 2024-03-22 更新了 16 个动作
2024-03-24 00:34:52.639 | INFO     | __main__:run_task:79 - 2024-03-23 更新了 9 个动作
2024-03-24 13:07:30.672 | INFO     | __main__:run_task:79 - 2024-03-23 更新了 19 个动作
2024-03-25 00:32:45.252 | INFO     | __main__:run_task:79 - 2024-03-24 更新了 12 个动作
2024-03-25 13:06:51.760 | INFO     | __main__:run_task:79 - 2024-03-24 更新了 10 个动作
2024-03-26 00:30:56.331 | INFO     | __main__:run_task:79 - 2024-03-25 更新了 23 个动作
2024-03-26 13:06:38.703 | INFO     | __main__:run_task:79 - 2024-03-25 更新了 22 个动作
2024-03-27 00:30:55.354 | INFO     | __main__:run_task:79 - 2024-03-26 更新了 12 个动作
2024-03-27 13:06:29.635 | INFO     | __main__:run_task:79 - 2024-03-26 更新了 11 个动作
2024-03-28 00:31:20.539 | INFO     | __main__:run_task:79 - 2024-03-27 更新了 22 个动作
2024-03-28 13:06:39.513 | INFO     | __main__:run_task:79 - 2024-03-27 更新了 19 个动作
2024-03-29 00:31:14.762 | INFO     | __main__:run_task:79 - 2024-03-28 更新了 14 个动作
2024-03-29 13:06:54.896 | INFO     | __main__:run_task:79 - 2024-03-28 更新了 13 个动作
2024-03-30 00:30:17.621 | INFO     | __main__:run_task:79 - 2024-03-29 更新了 9 个动作
2024-03-30 13:08:05.697 | INFO     | __main__:run_task:79 - 2024-03-29 更新了 11 个动作
2024-03-31 00:35:27.874 | INFO     | __main__:run_task:79 - 2024-03-30 更新了 9 个动作
2024-03-31 13:07:28.536 | INFO     | __main__:run_task:79 - 2024-03-30 更新了 19 个动作
2024-04-01 00:35:31.560 | INFO     | __main__:run_task:79 - 2024-03-31 更新了 12 个动作
2024-04-01 13:06:47.920 | INFO     | __main__:run_task:79 - 2024-03-31 更新了 11 个动作
2024-04-02 00:31:47.364 | INFO     | __main__:run_task:79 - 2024-04-01 更新了 24 个动作
2024-04-02 13:07:26.529 | INFO     | __main__:run_task:79 - 2024-04-01 更新了 20 个动作
2024-04-03 00:31:09.167 | INFO     | __main__:run_task:79 - 2024-04-02 更新了 10 个动作
2024-04-03 13:08:59.037 | INFO     | __main__:run_task:79 - 2024-04-02 更新了 28 个动作
2024-04-04 00:32:27.771 | INFO     | __main__:run_task:79 - 2024-04-03 更新了 5 个动作
2024-04-04 13:06:25.789 | INFO     | __main__:run_task:79 - 2024-04-03 更新了 5 个动作
2024-04-05 00:32:11.194 | INFO     | __main__:run_task:79 - 2024-04-04 更新了 7 个动作
2024-04-05 13:07:32.781 | INFO     | __main__:run_task:79 - 2024-04-04 更新了 12 个动作
2024-04-06 13:05:53.239 | INFO     | __main__:run_task:79 - 2024-04-05 更新了 14 个动作
2024-04-07 00:35:33.595 | INFO     | __main__:run_task:79 - 2024-04-06 更新了 13 个动作
2024-04-07 13:07:20.476 | INFO     | __main__:run_task:79 - 2024-04-06 更新了 13 个动作
2024-04-08 00:33:21.056 | INFO     | __main__:run_task:79 - 2024-04-07 更新了 15 个动作
2024-04-08 13:07:16.049 | INFO     | __main__:run_task:79 - 2024-04-07 更新了 16 个动作
2024-04-09 00:32:20.299 | INFO     | __main__:run_task:79 - 2024-04-08 更新了 19 个动作
2024-04-09 13:06:45.701 | INFO     | __main__:run_task:79 - 2024-04-08 更新了 18 个动作
2024-04-10 00:31:33.147 | INFO     | __main__:run_task:79 - 2024-04-09 更新了 16 个动作
2024-04-10 13:07:28.695 | INFO     | __main__:run_task:79 - 2024-04-09 更新了 14 个动作
2024-04-11 00:32:23.876 | INFO     | __main__:run_task:79 - 2024-04-10 更新了 4 个动作
2024-04-11 13:07:02.538 | INFO     | __main__:run_task:79 - 2024-04-10 更新了 4 个动作
2024-04-12 00:32:33.450 | INFO     | __main__:run_task:79 - 2024-04-11 更新了 29 个动作
2024-04-12 13:06:45.183 | INFO     | __main__:run_task:79 - 2024-04-11 更新了 28 个动作
2024-04-13 00:27:25.254 | INFO     | __main__:run_task:79 - 2024-04-12 更新了 6 个动作
2024-04-13 13:07:00.366 | INFO     | __main__:run_task:79 - 2024-04-12 更新了 6 个动作
2024-04-14 00:32:58.850 | INFO     | __main__:run_task:79 - 2024-04-13 更新了 25 个动作
2024-04-14 15:00:14.484 | INFO     | __main__:run_task:79 - 2024-04-13 更新了 45 个动作
2024-04-15 03:01:52.478 | INFO     | __main__:run_task:79 - 2024-04-14 更新了 15 个动作
2024-04-15 13:08:43.522 | INFO     | __main__:run_task:79 - 2024-04-14 更新了 14 个动作
2024-04-16 00:31:37.033 | INFO     | __main__:run_task:79 - 2024-04-15 更新了 15 个动作
2024-04-16 13:07:13.360 | INFO     | __main__:run_task:79 - 2024-04-15 更新了 12 个动作
2024-04-17 00:31:49.697 | INFO     | __main__:run_task:79 - 2024-04-16 更新了 19 个动作
2024-04-17 13:07:09.126 | INFO     | __main__:run_task:79 - 2024-04-16 更新了 16 个动作
2024-04-18 00:31:32.866 | INFO     | __main__:run_task:79 - 2024-04-17 更新了 17 个动作
2024-04-18 13:06:51.266 | INFO     | __main__:run_task:79 - 2024-04-17 更新了 13 个动作
2024-04-19 00:32:14.508 | INFO     | __main__:run_task:79 - 2024-04-18 更新了 16 个动作
2024-04-19 13:07:24.558 | INFO     | __main__:run_task:79 - 2024-04-18 更新了 15 个动作
2024-04-20 00:31:49.431 | INFO     | __main__:run_task:79 - 2024-04-19 更新了 9 个动作
2024-04-20 13:06:59.086 | INFO     | __main__:run_task:79 - 2024-04-19 更新了 15 个动作
2024-04-21 00:35:07.647 | INFO     | __main__:run_task:79 - 2024-04-20 更新了 9 个动作
2024-04-21 13:07:42.867 | INFO     | __main__:run_task:79 - 2024-04-20 更新了 9 个动作
2024-04-22 00:33:49.390 | INFO     | __main__:run_task:79 - 2024-04-21 更新了 8 个动作
2024-04-22 13:07:37.406 | INFO     | __main__:run_task:79 - 2024-04-21 更新了 7 个动作
2024-04-23 00:32:34.883 | INFO     | __main__:run_task:79 - 2024-04-22 更新了 9 个动作
2024-04-23 13:07:42.454 | INFO     | __main__:run_task:79 - 2024-04-22 更新了 8 个动作
2024-04-24 00:32:14.128 | INFO     | __main__:run_task:79 - 2024-04-23 更新了 34 个动作
2024-04-24 13:13:51.120 | INFO     | __main__:run_task:79 - 2024-04-23 更新了 32 个动作
2024-04-25 00:34:02.401 | INFO     | __main__:run_task:79 - 2024-04-24 更新了 36 个动作
2024-04-25 13:05:35.285 | INFO     | __main__:run_task:79 - 2024-04-24 更新了 34 个动作
2024-04-26 00:32:14.862 | INFO     | __main__:run_task:79 - 2024-04-25 更新了 37 个动作
2024-04-26 13:06:51.151 | INFO     | __main__:run_task:79 - 2024-04-25 更新了 35 个动作
2024-04-27 00:31:59.034 | INFO     | __main__:run_task:79 - 2024-04-26 更新了 11 个动作
2024-04-27 13:07:49.759 | INFO     | __main__:run_task:79 - 2024-04-26 更新了 10 个动作
2024-04-28 00:38:00.468 | INFO     | __main__:run_task:79 - 2024-04-27 更新了 10 个动作
2024-04-28 13:06:40.176 | INFO     | __main__:run_task:79 - 2024-04-27 更新了 19 个动作
2024-04-29 00:33:29.398 | INFO     | __main__:run_task:79 - 2024-04-28 更新了 17 个动作
2024-04-29 13:07:56.535 | INFO     | __main__:run_task:79 - 2024-04-28 更新了 14 个动作
2024-04-30 00:31:46.343 | INFO     | __main__:run_task:79 - 2024-04-29 更新了 10 个动作
2024-04-30 13:07:39.583 | ERROR    | __main__:run_task:81 - fetch url err
Traceback (most recent call last):

  File "/home/runner/work/QuckerActionDailyUp/QuckerActionDailyUp/scripts/crawler.py", line 84, in <module>
    QuickerAction().run_task()
    └ <class '__main__.QuickerAction'>

> File "/home/runner/work/QuckerActionDailyUp/QuckerActionDailyUp/scripts/crawler.py", line 69, in run_task
    response = self._fetch()
               │    └ <function QuickerAction._fetch at 0x7faeb0842f70>
               └ <__main__.QuickerAction object at 0x7faeb0893400>

  File "/home/runner/work/QuckerActionDailyUp/QuckerActionDailyUp/scripts/crawler.py", line 37, in _fetch
    raise ValueError("fetch url err")

ValueError: fetch url err
2024-05-01 00:35:25.635 | INFO     | __main__:run_task:79 - 2024-04-30 更新了 23 个动作
2024-05-01 13:07:45.748 | INFO     | __main__:run_task:79 - 2024-04-30 更新了 20 个动作
2024-05-02 00:32:16.363 | INFO     | __main__:run_task:79 - 2024-05-01 更新了 13 个动作
2024-05-02 13:07:50.815 | INFO     | __main__:run_task:79 - 2024-05-01 更新了 11 个动作
2024-05-03 00:35:02.234 | INFO     | __main__:run_task:79 - 2024-05-02 更新了 5 个动作
2024-05-03 13:07:11.129 | INFO     | __main__:run_task:79 - 2024-05-02 更新了 4 个动作
2024-05-04 00:31:55.589 | INFO     | __main__:run_task:79 - 2024-05-03 更新了 5 个动作
2024-05-04 13:07:17.260 | INFO     | __main__:run_task:79 - 2024-05-03 更新了 6 个动作
2024-05-05 00:35:31.056 | INFO     | __main__:run_task:79 - 2024-05-04 更新了 14 个动作
2024-05-05 13:05:54.849 | INFO     | __main__:run_task:79 - 2024-05-04 更新了 12 个动作
2024-05-06 00:33:46.974 | INFO     | __main__:run_task:79 - 2024-05-05 更新了 14 个动作
2024-05-06 13:08:21.647 | INFO     | __main__:run_task:79 - 2024-05-05 更新了 13 个动作
2024-05-07 00:32:47.891 | INFO     | __main__:run_task:79 - 2024-05-06 更新了 18 个动作
2024-05-07 13:06:43.101 | INFO     | __main__:run_task:79 - 2024-05-06 更新了 13 个动作
2024-05-08 00:27:22.441 | INFO     | __main__:run_task:79 - 2024-05-07 更新了 17 个动作
2024-05-08 13:09:44.127 | INFO     | __main__:run_task:79 - 2024-05-07 更新了 27 个动作
2024-05-09 00:33:10.773 | INFO     | __main__:run_task:79 - 2024-05-08 更新了 22 个动作
2024-05-09 13:07:39.428 | INFO     | __main__:run_task:79 - 2024-05-08 更新了 18 个动作
2024-05-10 00:32:55.935 | INFO     | __main__:run_task:79 - 2024-05-09 更新了 33 个动作
2024-05-10 13:08:33.148 | INFO     | __main__:run_task:79 - 2024-05-09 更新了 30 个动作
2024-05-11 00:32:29.638 | INFO     | __main__:run_task:79 - 2024-05-10 更新了 22 个动作
2024-05-11 13:06:05.290 | INFO     | __main__:run_task:79 - 2024-05-10 更新了 23 个动作
2024-05-12 00:36:37.124 | INFO     | __main__:run_task:79 - 2024-05-11 更新了 20 个动作
2024-05-12 13:06:28.516 | INFO     | __main__:run_task:79 - 2024-05-11 更新了 18 个动作
2024-05-13 00:34:44.663 | INFO     | __main__:run_task:79 - 2024-05-12 更新了 19 个动作
2024-05-13 13:08:55.692 | INFO     | __main__:run_task:79 - 2024-05-12 更新了 17 个动作
2024-05-14 00:33:15.197 | INFO     | __main__:run_task:79 - 2024-05-13 更新了 25 个动作
2024-05-14 13:08:41.760 | INFO     | __main__:run_task:79 - 2024-05-13 更新了 41 个动作
2024-05-15 00:33:24.866 | INFO     | __main__:run_task:79 - 2024-05-14 更新了 20 个动作
2024-05-15 13:08:55.257 | INFO     | __main__:run_task:79 - 2024-05-14 更新了 22 个动作
2024-05-16 00:33:07.400 | INFO     | __main__:run_task:79 - 2024-05-15 更新了 27 个动作
2024-05-16 13:08:47.505 | INFO     | __main__:run_task:79 - 2024-05-15 更新了 23 个动作
2024-05-17 00:33:42.300 | INFO     | __main__:run_task:79 - 2024-05-16 更新了 29 个动作
2024-05-17 13:08:12.504 | INFO     | __main__:run_task:79 - 2024-05-16 更新了 29 个动作
2024-05-18 00:33:20.054 | INFO     | __main__:run_task:79 - 2024-05-17 更新了 28 个动作
2024-05-18 13:07:31.168 | INFO     | __main__:run_task:79 - 2024-05-17 更新了 22 个动作
2024-05-19 00:36:37.822 | INFO     | __main__:run_task:79 - 2024-05-18 更新了 29 个动作
2024-05-19 13:06:32.969 | INFO     | __main__:run_task:79 - 2024-05-18 更新了 26 个动作
2024-05-20 00:34:12.596 | INFO     | __main__:run_task:79 - 2024-05-19 更新了 23 个动作
2024-05-20 13:09:22.151 | INFO     | __main__:run_task:79 - 2024-05-19 更新了 21 个动作
2024-05-21 00:33:49.012 | INFO     | __main__:run_task:79 - 2024-05-20 更新了 18 个动作
2024-05-21 13:10:03.958 | INFO     | __main__:run_task:79 - 2024-05-20 更新了 17 个动作
2024-05-22 00:33:32.363 | INFO     | __main__:run_task:79 - 2024-05-21 更新了 50 个动作
2024-05-22 13:09:39.502 | INFO     | __main__:run_task:79 - 2024-05-21 更新了 41 个动作
2024-05-23 00:33:22.686 | INFO     | __main__:run_task:79 - 2024-05-22 更新了 14 个动作
2024-05-23 13:08:30.026 | INFO     | __main__:run_task:79 - 2024-05-22 更新了 24 个动作
2024-05-24 00:34:08.391 | INFO     | __main__:run_task:79 - 2024-05-23 更新了 34 个动作
2024-05-24 13:08:45.797 | INFO     | __main__:run_task:79 - 2024-05-23 更新了 31 个动作
2024-05-25 00:32:35.366 | INFO     | __main__:run_task:79 - 2024-05-24 更新了 30 个动作
2024-05-25 13:06:27.773 | INFO     | __main__:run_task:79 - 2024-05-24 更新了 38 个动作
2024-05-26 00:36:49.088 | INFO     | __main__:run_task:79 - 2024-05-25 更新了 11 个动作
2024-05-26 13:06:26.363 | INFO     | __main__:run_task:79 - 2024-05-25 更新了 10 个动作
2024-05-27 00:34:52.050 | INFO     | __main__:run_task:79 - 2024-05-26 更新了 30 个动作
2024-05-27 13:09:08.238 | INFO     | __main__:run_task:79 - 2024-05-26 更新了 27 个动作
2024-05-28 00:34:01.324 | INFO     | __main__:run_task:79 - 2024-05-27 更新了 30 个动作
2024-05-28 13:09:18.087 | INFO     | __main__:run_task:79 - 2024-05-27 更新了 28 个动作
2024-05-29 00:36:14.235 | INFO     | __main__:run_task:79 - 2024-05-28 更新了 28 个动作
2024-05-29 13:09:11.115 | INFO     | __main__:run_task:79 - 2024-05-28 更新了 20 个动作
2024-05-30 00:34:17.134 | INFO     | __main__:run_task:79 - 2024-05-29 更新了 29 个动作
2024-05-30 13:08:55.545 | INFO     | __main__:run_task:79 - 2024-05-29 更新了 22 个动作
2024-05-31 00:33:39.314 | INFO     | __main__:run_task:79 - 2024-05-30 更新了 18 个动作
2024-05-31 13:08:37.811 | INFO     | __main__:run_task:79 - 2024-05-30 更新了 17 个动作
2024-06-01 00:37:01.801 | INFO     | __main__:run_task:79 - 2024-05-31 更新了 15 个动作
